<?xml version="1.0" encoding="UTF-8"?>
<testng-results skipped="2" failed="1" total="3" passed="0">
  <reporter-output>
    <line>
      <![CDATA[<font color='Blue' face='verdana' size='2'><b></b></font>]]>
    </line>
    <line>
      <![CDATA[<font color='Blue' face='verdana' size='2'><b></b></font>]]>
    </line>
    <line>
      <![CDATA[<br>]]>
    </line>
    <line>
      <![CDATA[<a class="cbutton" href="..\Log.log">Click to Open Log File</a>]]>
    </line>
  </reporter-output>
  <suite name="FrontStream Pilot Suite" duration-ms="122255" started-at="2018-05-20T20:54:24Z" finished-at="2018-05-20T20:56:26Z">
    <groups>
      <group name="regression">
        <method signature="Disbursement.tc_AccountingAPI_001_testProcessDonations()[pri:0, instance:com.testsuite.accountingapi.Disbursement@409732fb]" name="tc_AccountingAPI_001_testProcessDonations" class="com.testsuite.accountingapi.Disbursement"/>
        <method signature="EventCreation.tc_001_createAnEventWithPaidRegistration()[pri:0, instance:com.testsuite.EventCreation@6bb4cc0e]" name="tc_001_createAnEventWithPaidRegistration" class="com.testsuite.EventCreation"/>
      </group> <!-- regression -->
      <group name="GUI">
        <method signature="Disbursement.tc_AccountingAPI_001_testProcessDonations()[pri:0, instance:com.testsuite.accountingapi.Disbursement@409732fb]" name="tc_AccountingAPI_001_testProcessDonations" class="com.testsuite.accountingapi.Disbursement"/>
        <method signature="EventCreation.tc_001_createAnEventWithPaidRegistration()[pri:0, instance:com.testsuite.EventCreation@6bb4cc0e]" name="tc_001_createAnEventWithPaidRegistration" class="com.testsuite.EventCreation"/>
      </group> <!-- GUI -->
      <group name="API">
        <method signature="FirstGivingDonationAPI.tc_API_001_DonationAPI()[pri:0, instance:com.testsuite.api.FirstGivingDonationAPI@5abf6a99]" name="tc_API_001_DonationAPI" class="com.testsuite.api.FirstGivingDonationAPI"/>
      </group> <!-- API -->
    </groups>
    <test name="RunAccountingAPITests" duration-ms="24172" started-at="2018-05-20T20:54:24Z" finished-at="2018-05-20T20:54:48Z">
      <class name="com.testsuite.accountingapi.Disbursement">
        <test-method status="PASS" signature="initializeBaseSetup(java.lang.String, java.lang.String, java.lang.String, java.lang.String, java.lang.String, org.testng.ITestContext)[pri:0, instance:com.testsuite.accountingapi.Disbursement@409732fb]" name="initializeBaseSetup" is-config="true" duration-ms="18469" started-at="2018-05-20T13:54:24Z" finished-at="2018-05-20T13:54:42Z">
          <params>
            <param index="0">
              <value>
                <![CDATA[Chrome]]>
              </value>
            </param>
            <param index="1">
              <value>
                <![CDATA[35]]>
              </value>
            </param>
            <param index="2">
              <value>
                <![CDATA[windows]]>
              </value>
            </param>
            <param index="3">
              <value>
                <![CDATA[]]>
              </value>
            </param>
            <param index="4">
              <value>
                <![CDATA[Testing]]>
              </value>
            </param>
            <param index="5">
              <value>
                <![CDATA[org.testng.TestRunner@2c9cafa5]]>
              </value>
            </param>
          </params>
          <reporter-output>
          </reporter-output>
        </test-method> <!-- initializeBaseSetup -->
        <test-method status="FAIL" signature="BaseClassSetUp()[pri:0, instance:com.testsuite.accountingapi.Disbursement@409732fb]" name="BaseClassSetUp" is-config="true" duration-ms="0" started-at="2018-05-20T13:54:42Z" finished-at="2018-05-20T13:54:42Z">
          <exception class="java.lang.NullPointerException">
            <full-stacktrace>
              <![CDATA[java.lang.NullPointerException
	at com.testsuite.accountingapi.Disbursement.BaseClassSetUp(Disbursement.java:30)
	at sun.reflect.NativeMethodAccessorImpl.invoke0(Native Method)
	at sun.reflect.NativeMethodAccessorImpl.invoke(NativeMethodAccessorImpl.java:62)
	at sun.reflect.DelegatingMethodAccessorImpl.invoke(DelegatingMethodAccessorImpl.java:43)
	at java.lang.reflect.Method.invoke(Method.java:483)
	at org.testng.internal.MethodInvocationHelper.invokeMethod(MethodInvocationHelper.java:84)
	at org.testng.internal.Invoker.invokeConfigurationMethod(Invoker.java:564)
	at org.testng.internal.Invoker.invokeConfigurations(Invoker.java:213)
	at org.testng.internal.Invoker.invokeMethod(Invoker.java:653)
	at org.testng.internal.Invoker.invokeTestMethod(Invoker.java:901)
	at org.testng.internal.Invoker.invokeTestMethods(Invoker.java:1231)
	at org.testng.internal.TestMethodWorker.invokeTestMethods(TestMethodWorker.java:127)
	at org.testng.internal.TestMethodWorker.run(TestMethodWorker.java:111)
	at org.testng.TestRunner.privateRun(TestRunner.java:767)
	at org.testng.TestRunner.run(TestRunner.java:617)
	at org.testng.SuiteRunner.runTest(SuiteRunner.java:334)
	at org.testng.SuiteRunner.access$000(SuiteRunner.java:37)
	at org.testng.SuiteRunner$SuiteWorker.run(SuiteRunner.java:368)
	at org.testng.internal.thread.ThreadUtil$2.call(ThreadUtil.java:64)
	at java.util.concurrent.FutureTask.run(FutureTask.java:266)
	at java.util.concurrent.ThreadPoolExecutor.runWorker(ThreadPoolExecutor.java:1142)
	at java.util.concurrent.ThreadPoolExecutor$Worker.run(ThreadPoolExecutor.java:617)
	at java.lang.Thread.run(Thread.java:745)
]]>
            </full-stacktrace>
          </exception> <!-- java.lang.NullPointerException -->
          <reporter-output>
          </reporter-output>
        </test-method> <!-- BaseClassSetUp -->
        <test-method status="SKIP" signature="tc_AccountingAPI_001_testProcessDonations()[pri:0, instance:com.testsuite.accountingapi.Disbursement@409732fb]" name="tc_AccountingAPI_001_testProcessDonations" duration-ms="1939" started-at="2018-05-20T13:54:43Z" finished-at="2018-05-20T13:54:44Z">
          <reporter-output>
          </reporter-output>
        </test-method> <!-- tc_AccountingAPI_001_testProcessDonations -->
        <test-method status="SKIP" signature="CloseBrowser()[pri:0, instance:com.testsuite.accountingapi.Disbursement@409732fb]" name="CloseBrowser" is-config="true" duration-ms="0" started-at="2018-05-20T13:54:48Z" finished-at="2018-05-20T13:54:48Z">
          <reporter-output>
          </reporter-output>
        </test-method> <!-- CloseBrowser -->
      </class> <!-- com.testsuite.accountingapi.Disbursement -->
    </test> <!-- RunAccountingAPITests -->
    <test name="RunCreateEventTests" duration-ms="89911" started-at="2018-05-20T20:54:49Z" finished-at="2018-05-20T20:56:19Z">
      <class name="com.testsuite.EventCreation">
        <test-method status="PASS" signature="initializeBaseSetup(java.lang.String, java.lang.String, java.lang.String, java.lang.String, java.lang.String, org.testng.ITestContext)[pri:0, instance:com.testsuite.EventCreation@6bb4cc0e]" name="initializeBaseSetup" is-config="true" duration-ms="86723" started-at="2018-05-20T13:54:49Z" finished-at="2018-05-20T13:56:16Z">
          <params>
            <param index="0">
              <value>
                <![CDATA[Chrome]]>
              </value>
            </param>
            <param index="1">
              <value>
                <![CDATA[35]]>
              </value>
            </param>
            <param index="2">
              <value>
                <![CDATA[windows]]>
              </value>
            </param>
            <param index="3">
              <value>
                <![CDATA[]]>
              </value>
            </param>
            <param index="4">
              <value>
                <![CDATA[Testing]]>
              </value>
            </param>
            <param index="5">
              <value>
                <![CDATA[org.testng.TestRunner@285bf5ac]]>
              </value>
            </param>
          </params>
          <reporter-output>
          </reporter-output>
        </test-method> <!-- initializeBaseSetup -->
        <test-method status="FAIL" signature="BaseClassSetUp()[pri:0, instance:com.testsuite.EventCreation@6bb4cc0e]" name="BaseClassSetUp" is-config="true" duration-ms="0" started-at="2018-05-20T13:56:16Z" finished-at="2018-05-20T13:56:16Z">
          <exception class="java.lang.NullPointerException">
            <full-stacktrace>
              <![CDATA[java.lang.NullPointerException
	at com.testsuite.EventCreation.BaseClassSetUp(EventCreation.java:32)
	at sun.reflect.NativeMethodAccessorImpl.invoke0(Native Method)
	at sun.reflect.NativeMethodAccessorImpl.invoke(NativeMethodAccessorImpl.java:62)
	at sun.reflect.DelegatingMethodAccessorImpl.invoke(DelegatingMethodAccessorImpl.java:43)
	at java.lang.reflect.Method.invoke(Method.java:483)
	at org.testng.internal.MethodInvocationHelper.invokeMethod(MethodInvocationHelper.java:84)
	at org.testng.internal.Invoker.invokeConfigurationMethod(Invoker.java:564)
	at org.testng.internal.Invoker.invokeConfigurations(Invoker.java:213)
	at org.testng.internal.Invoker.invokeMethod(Invoker.java:653)
	at org.testng.internal.Invoker.invokeTestMethod(Invoker.java:901)
	at org.testng.internal.Invoker.invokeTestMethods(Invoker.java:1231)
	at org.testng.internal.TestMethodWorker.invokeTestMethods(TestMethodWorker.java:127)
	at org.testng.internal.TestMethodWorker.run(TestMethodWorker.java:111)
	at org.testng.TestRunner.privateRun(TestRunner.java:767)
	at org.testng.TestRunner.run(TestRunner.java:617)
	at org.testng.SuiteRunner.runTest(SuiteRunner.java:334)
	at org.testng.SuiteRunner.access$000(SuiteRunner.java:37)
	at org.testng.SuiteRunner$SuiteWorker.run(SuiteRunner.java:368)
	at org.testng.internal.thread.ThreadUtil$2.call(ThreadUtil.java:64)
	at java.util.concurrent.FutureTask.run(FutureTask.java:266)
	at java.util.concurrent.ThreadPoolExecutor.runWorker(ThreadPoolExecutor.java:1142)
	at java.util.concurrent.ThreadPoolExecutor$Worker.run(ThreadPoolExecutor.java:617)
	at java.lang.Thread.run(Thread.java:745)
]]>
            </full-stacktrace>
          </exception> <!-- java.lang.NullPointerException -->
          <reporter-output>
          </reporter-output>
        </test-method> <!-- BaseClassSetUp -->
        <test-method status="SKIP" signature="tc_001_createAnEventWithPaidRegistration()[pri:0, instance:com.testsuite.EventCreation@6bb4cc0e]" name="tc_001_createAnEventWithPaidRegistration" duration-ms="33" started-at="2018-05-20T13:56:16Z" finished-at="2018-05-20T13:56:16Z">
          <reporter-output>
          </reporter-output>
        </test-method> <!-- tc_001_createAnEventWithPaidRegistration -->
        <test-method status="SKIP" signature="CloseBrowser()[pri:0, instance:com.testsuite.EventCreation@6bb4cc0e]" name="CloseBrowser" is-config="true" duration-ms="0" started-at="2018-05-20T13:56:19Z" finished-at="2018-05-20T13:56:19Z">
          <reporter-output>
          </reporter-output>
        </test-method> <!-- CloseBrowser -->
      </class> <!-- com.testsuite.EventCreation -->
    </test> <!-- RunCreateEventTests -->
    <test name="RunAPITests" duration-ms="7263" started-at="2018-05-20T20:56:19Z" finished-at="2018-05-20T20:56:26Z">
      <class name="com.testsuite.EventCreation">
        <test-method status="PASS" signature="beforeSuite()[pri:0, instance:com.testsuite.EventCreation@6bb4cc0e]" name="beforeSuite" is-config="true" duration-ms="98" started-at="2018-05-20T13:54:24Z" finished-at="2018-05-20T13:54:24Z">
          <reporter-output>
          </reporter-output>
        </test-method> <!-- beforeSuite -->
        <test-method status="PASS" signature="AddLogFileToReport()[pri:0, instance:com.testsuite.EventCreation@6bb4cc0e]" name="AddLogFileToReport" is-config="true" duration-ms="1" started-at="2018-05-20T13:56:26Z" finished-at="2018-05-20T13:56:26Z">
          <reporter-output>
            <line>
              <![CDATA[<br>]]>
            </line>
            <line>
              <![CDATA[<a class="cbutton" href="..\Log.log">Click to Open Log File</a>]]>
            </line>
          </reporter-output>
        </test-method> <!-- AddLogFileToReport -->
      </class> <!-- com.testsuite.EventCreation -->
      <class name="com.testsuite.api.FirstGivingDonationAPI">
        <test-method status="PASS" signature="initializeBasSetup()[pri:0, instance:com.testsuite.api.FirstGivingDonationAPI@5abf6a99]" name="initializeBasSetup" is-config="true" duration-ms="27" started-at="2018-05-20T13:56:19Z" finished-at="2018-05-20T13:56:19Z">
          <reporter-output>
          </reporter-output>
        </test-method> <!-- initializeBasSetup -->
        <test-method status="PASS" signature="SetUp()[pri:0, instance:com.testsuite.api.FirstGivingDonationAPI@5abf6a99]" name="SetUp" is-config="true" duration-ms="19" started-at="2018-05-20T13:56:19Z" finished-at="2018-05-20T13:56:19Z">
          <reporter-output>
          </reporter-output>
        </test-method> <!-- SetUp -->
        <test-method status="FAIL" signature="tc_API_001_DonationAPI()[pri:0, instance:com.testsuite.api.FirstGivingDonationAPI@5abf6a99]" name="tc_API_001_DonationAPI" duration-ms="4065" started-at="2018-05-20T13:56:19Z" finished-at="2018-05-20T13:56:23Z">
          <exception class="java.lang.AssertionError">
            <message>
              <![CDATA[error while executing the requesthttps://qa-api.firstgiving.com/donation/creditcard?charityId=b62c2436-edd0-11df-ab8c-4061860da51d&ccCardValidationNum=123&billToFirstName=John&billToAddressLine3=3MainSt.&ccNumber=4111111111111111&billToAddressLine2=2MainSt.&billToAddressLine1=1MainSt.&remoteAddr=1.1.1.1&billToCity=Burlington&ccExpDateMonth=01&currencyCode=USD&donationMessage=Testing_messag&amount=5.00&orderId=1234&billToZip=01803&personalIdentificationNumber=0&billToState=MA&billToCountry=US&reportDonationToTaxAuthority=0&billToMiddleName=D&eventId=12345&ccType=VI&ccExpDateYear=23&description=Test&billToEmail=alex.winskie@frontstreampayments.com&billToLastName=Smith
sun.security.validator.ValidatorException: PKIX path building failed: sun.security.provider.certpath.SunCertPathBuilderException: unable to find valid certification path to requested target]]>
            </message>
            <full-stacktrace>
              <![CDATA[java.lang.AssertionError: error while executing the requesthttps://qa-api.firstgiving.com/donation/creditcard?charityId=b62c2436-edd0-11df-ab8c-4061860da51d&ccCardValidationNum=123&billToFirstName=John&billToAddressLine3=3MainSt.&ccNumber=4111111111111111&billToAddressLine2=2MainSt.&billToAddressLine1=1MainSt.&remoteAddr=1.1.1.1&billToCity=Burlington&ccExpDateMonth=01&currencyCode=USD&donationMessage=Testing_messag&amount=5.00&orderId=1234&billToZip=01803&personalIdentificationNumber=0&billToState=MA&billToCountry=US&reportDonationToTaxAuthority=0&billToMiddleName=D&eventId=12345&ccType=VI&ccExpDateYear=23&description=Test&billToEmail=alex.winskie@frontstreampayments.com&billToLastName=Smith
sun.security.validator.ValidatorException: PKIX path building failed: sun.security.provider.certpath.SunCertPathBuilderException: unable to find valid certification path to requested target
	at com.testng.Assert.fail(Assert.java:208)
	at com.httpclient.APIHelpers.execute(APIHelpers.java:267)
	at com.httpclient.APIHelpers.executePostRequest(APIHelpers.java:416)
	at com.testsuite.api.FirstGivingDonationAPI.tc_API_001_DonationAPI(FirstGivingDonationAPI.java:49)
	at sun.reflect.NativeMethodAccessorImpl.invoke0(Native Method)
	at sun.reflect.NativeMethodAccessorImpl.invoke(NativeMethodAccessorImpl.java:62)
	at sun.reflect.DelegatingMethodAccessorImpl.invoke(DelegatingMethodAccessorImpl.java:43)
	at java.lang.reflect.Method.invoke(Method.java:483)
	at org.testng.internal.MethodInvocationHelper.invokeMethod(MethodInvocationHelper.java:84)
	at org.testng.internal.InvokeMethodRunnable.runOne(InvokeMethodRunnable.java:46)
	at org.testng.internal.InvokeMethodRunnable.run(InvokeMethodRunnable.java:37)
	at org.testng.internal.MethodInvocationHelper.invokeWithTimeoutWithNoExecutor(MethodInvocationHelper.java:240)
	at org.testng.internal.MethodInvocationHelper.invokeWithTimeout(MethodInvocationHelper.java:229)
	at org.testng.internal.Invoker.invokeMethod(Invoker.java:724)
	at org.testng.internal.Invoker.invokeTestMethod(Invoker.java:901)
	at org.testng.internal.Invoker.invokeTestMethods(Invoker.java:1231)
	at org.testng.internal.TestMethodWorker.invokeTestMethods(TestMethodWorker.java:127)
	at org.testng.internal.TestMethodWorker.run(TestMethodWorker.java:111)
	at org.testng.TestRunner.privateRun(TestRunner.java:767)
	at org.testng.TestRunner.run(TestRunner.java:617)
	at org.testng.SuiteRunner.runTest(SuiteRunner.java:334)
	at org.testng.SuiteRunner.access$000(SuiteRunner.java:37)
	at org.testng.SuiteRunner$SuiteWorker.run(SuiteRunner.java:368)
	at org.testng.internal.thread.ThreadUtil$2.call(ThreadUtil.java:64)
	at java.util.concurrent.FutureTask.run(FutureTask.java:266)
	at java.util.concurrent.ThreadPoolExecutor.runWorker(ThreadPoolExecutor.java:1142)
	at java.util.concurrent.ThreadPoolExecutor$Worker.run(ThreadPoolExecutor.java:617)
	at java.lang.Thread.run(Thread.java:745)
]]>
            </full-stacktrace>
          </exception> <!-- java.lang.AssertionError -->
          <reporter-output>
            <line>
              <![CDATA[<font color='Blue' face='verdana' size='2'><b></b></font>]]>
            </line>
          </reporter-output>
        </test-method> <!-- tc_API_001_DonationAPI -->
        <test-method status="PASS" signature="initializeBasSetup()[pri:0, instance:com.testsuite.api.FirstGivingDonationAPI@5abf6a99]" name="initializeBasSetup" is-config="true" duration-ms="1" started-at="2018-05-20T13:56:23Z" finished-at="2018-05-20T13:56:23Z">
          <reporter-output>
          </reporter-output>
        </test-method> <!-- initializeBasSetup -->
        <test-method status="PASS" signature="SetUp()[pri:0, instance:com.testsuite.api.FirstGivingDonationAPI@5abf6a99]" name="SetUp" is-config="true" duration-ms="2" started-at="2018-05-20T13:56:23Z" finished-at="2018-05-20T13:56:23Z">
          <reporter-output>
          </reporter-output>
        </test-method> <!-- SetUp -->
      </class> <!-- com.testsuite.api.FirstGivingDonationAPI -->
    </test> <!-- RunAPITests -->
  </suite> <!-- FrontStream Pilot Suite -->
</testng-results>
