<?xml version="1.0" encoding="UTF-8"?>
<testng-results skipped="0" failed="1" total="3" passed="2">
  <reporter-output>
    <line>
      <![CDATA[<a href="..\Videos\tc_AccountingAPI_001_testProcessDonations.avi" style="text-decoration: none; color: white;"><div class = cbutton>Download Video</div></a>]]>
    </line>
    <line>
      <![CDATA[<a href="..\Screenshots\Screenshot-1338636220.png"> <img src="..\Screenshots\Screenshot-1338636220.png" height=48 width=48 ></a>]]>
    </line>
    <line>
      <![CDATA[<a href="..\Videos\tc_001_createAnEventWithPaidRegistration.avi" style="text-decoration: none; color: white;"><div class = cbutton>Download Video</div></a>]]>
    </line>
    <line>
      <![CDATA[<font color='Blue' face='verdana' size='2'><b></b></font>]]>
    </line>
    <line>
      <![CDATA[<a href="..\Screenshots\Screenshot-2146816098.png"> <img src="..\Screenshots\Screenshot-2146816098.png" height=48 width=48 ></a>]]>
    </line>
    <line>
      <![CDATA[<a href="..\Videos\tc_001_createAnEventWithPaidRegistration(1).avi" style="text-decoration: none; color: white;"><div class = cbutton>Download Video</div></a>]]>
    </line>
    <line>
      <![CDATA[<font color='Blue' face='verdana' size='2'><b></b></font>]]>
    </line>
    <line>
      <![CDATA[<a href="..\Response.txt"> Response</a>]]>
    </line>
    <line>
      <![CDATA[<font color='Blue' face='verdana' size='2'><b></b></font>]]>
    </line>
    <line>
      <![CDATA[<a href="..\Response.txt"> Response</a>]]>
    </line>
    <line>
      <![CDATA[<br>]]>
    </line>
    <line>
      <![CDATA[<a class="cbutton" href="..\Log.log">Click to Open Log File</a>]]>
    </line>
  </reporter-output>
  <suite name="FrontStream Pilot Suite" duration-ms="436213" started-at="2015-09-16T12:55:46Z" finished-at="2015-09-16T13:03:02Z">
    <groups>
      <group name="regression">
        <method signature="Disbursement.tc_AccountingAPI_001_testProcessDonations()[pri:0, instance:com.testsuite.accountingapi.Disbursement@50256f]" name="tc_AccountingAPI_001_testProcessDonations" class="com.testsuite.accountingapi.Disbursement"/>
        <method signature="EventCreation.tc_001_createAnEventWithPaidRegistration()[pri:0, instance:com.testsuite.EventCreation@101cb8d]" name="tc_001_createAnEventWithPaidRegistration" class="com.testsuite.EventCreation"/>
      </group> <!-- regression -->
      <group name="GUI">
        <method signature="Disbursement.tc_AccountingAPI_001_testProcessDonations()[pri:0, instance:com.testsuite.accountingapi.Disbursement@50256f]" name="tc_AccountingAPI_001_testProcessDonations" class="com.testsuite.accountingapi.Disbursement"/>
        <method signature="EventCreation.tc_001_createAnEventWithPaidRegistration()[pri:0, instance:com.testsuite.EventCreation@101cb8d]" name="tc_001_createAnEventWithPaidRegistration" class="com.testsuite.EventCreation"/>
      </group> <!-- GUI -->
      <group name="API">
        <method signature="FirstGivingDonationAPI.tc_API_001_DonationAPI()[pri:0, instance:com.testsuite.api.FirstGivingDonationAPI@1bf35e5]" name="tc_API_001_DonationAPI" class="com.testsuite.api.FirstGivingDonationAPI"/>
      </group> <!-- API -->
    </groups>
    <test name="RunAccountingAPITests" duration-ms="54108" started-at="2015-09-16T12:55:46Z" finished-at="2015-09-16T12:56:40Z">
      <class name="com.testsuite.accountingapi.Disbursement">
        <test-method status="PASS" signature="initializeBaseSetup(java.lang.String, java.lang.String, java.lang.String, java.lang.String, java.lang.String, org.testng.ITestContext)[pri:0, instance:com.testsuite.accountingapi.Disbursement@50256f]" name="initializeBaseSetup" is-config="true" duration-ms="3591" started-at="2015-09-16T18:25:46Z" finished-at="2015-09-16T18:25:49Z">
          <params>
            <param index="0">
              <value>
                <![CDATA[Chrome]]>
              </value>
            </param>
            <param index="1">
              <value>
                <![CDATA[35]]>
              </value>
            </param>
            <param index="2">
              <value>
                <![CDATA[windows]]>
              </value>
            </param>
            <param index="3">
              <value>
                <![CDATA[]]>
              </value>
            </param>
            <param index="4">
              <value>
                <![CDATA[Testing]]>
              </value>
            </param>
            <param index="5">
              <value>
                <![CDATA[org.testng.TestRunner@28dc96]]>
              </value>
            </param>
          </params>
          <reporter-output>
          </reporter-output>
        </test-method> <!-- initializeBaseSetup -->
        <test-method status="PASS" signature="BaseClassSetUp()[pri:0, instance:com.testsuite.accountingapi.Disbursement@50256f]" name="BaseClassSetUp" is-config="true" duration-ms="2601" started-at="2015-09-16T18:25:49Z" finished-at="2015-09-16T18:25:52Z">
          <reporter-output>
          </reporter-output>
        </test-method> <!-- BaseClassSetUp -->
        <test-method status="PASS" signature="tc_AccountingAPI_001_testProcessDonations()[pri:0, instance:com.testsuite.accountingapi.Disbursement@50256f]" name="tc_AccountingAPI_001_testProcessDonations" duration-ms="46178" started-at="2015-09-16T18:25:52Z" finished-at="2015-09-16T18:26:38Z">
          <reporter-output>
            <line>
              <![CDATA[<a href="..\Videos\tc_AccountingAPI_001_testProcessDonations.avi" style="text-decoration: none; color: white;"><div class = cbutton>Download Video</div></a>]]>
            </line>
          </reporter-output>
        </test-method> <!-- tc_AccountingAPI_001_testProcessDonations -->
        <test-method status="PASS" signature="CloseBrowser()[pri:0, instance:com.testsuite.accountingapi.Disbursement@50256f]" name="CloseBrowser" is-config="true" duration-ms="1485" started-at="2015-09-16T18:26:38Z" finished-at="2015-09-16T18:26:40Z">
          <reporter-output>
          </reporter-output>
        </test-method> <!-- CloseBrowser -->
      </class> <!-- com.testsuite.accountingapi.Disbursement -->
    </test> <!-- RunAccountingAPITests -->
    <test name="RunCreateEventTests" duration-ms="173685" started-at="2015-09-16T12:56:40Z" finished-at="2015-09-16T12:59:34Z">
      <class name="com.testsuite.EventCreation">
        <test-method status="PASS" signature="initializeBaseSetup(java.lang.String, java.lang.String, java.lang.String, java.lang.String, java.lang.String, org.testng.ITestContext)[pri:0, instance:com.testsuite.EventCreation@101cb8d]" name="initializeBaseSetup" is-config="true" duration-ms="1669" started-at="2015-09-16T18:26:40Z" finished-at="2015-09-16T18:26:42Z">
          <params>
            <param index="0">
              <value>
                <![CDATA[Chrome]]>
              </value>
            </param>
            <param index="1">
              <value>
                <![CDATA[35]]>
              </value>
            </param>
            <param index="2">
              <value>
                <![CDATA[windows]]>
              </value>
            </param>
            <param index="3">
              <value>
                <![CDATA[]]>
              </value>
            </param>
            <param index="4">
              <value>
                <![CDATA[Testing]]>
              </value>
            </param>
            <param index="5">
              <value>
                <![CDATA[org.testng.TestRunner@48d186]]>
              </value>
            </param>
          </params>
          <reporter-output>
          </reporter-output>
        </test-method> <!-- initializeBaseSetup -->
        <test-method status="PASS" signature="BaseClassSetUp()[pri:0, instance:com.testsuite.EventCreation@101cb8d]" name="BaseClassSetUp" is-config="true" duration-ms="45813" started-at="2015-09-16T18:26:42Z" finished-at="2015-09-16T18:27:28Z">
          <reporter-output>
          </reporter-output>
        </test-method> <!-- BaseClassSetUp -->
        <test-method status="FAIL" signature="tc_001_createAnEventWithPaidRegistration()[pri:0, instance:com.testsuite.EventCreation@101cb8d]" name="tc_001_createAnEventWithPaidRegistration" duration-ms="111963" started-at="2015-09-16T18:27:28Z" finished-at="2015-09-16T18:29:20Z">
          <exception class="java.lang.AssertionError">
            <message>
              <![CDATA[Unable to find element By.className: successMessage in the page]]>
            </message>
            <full-stacktrace>
              <![CDATA[java.lang.AssertionError: Unable to find element By.className: successMessage in the page
	at com.testng.Assert.fail(Assert.java:208)
	at com.selenium.SafeActions.safeGetText(SafeActions.java:1889)
	at com.page.module.CreatePage.verifySuccessMsg(CreatePage.java:170)
	at com.testsuite.EventCreation.tc_001_createAnEventWithPaidRegistration(EventCreation.java:72)
	at sun.reflect.NativeMethodAccessorImpl.invoke0(Native Method)
	at sun.reflect.NativeMethodAccessorImpl.invoke(NativeMethodAccessorImpl.java:62)
	at sun.reflect.DelegatingMethodAccessorImpl.invoke(DelegatingMethodAccessorImpl.java:43)
	at java.lang.reflect.Method.invoke(Method.java:483)
	at org.testng.internal.MethodInvocationHelper.invokeMethod(MethodInvocationHelper.java:84)
	at org.testng.internal.InvokeMethodRunnable.runOne(InvokeMethodRunnable.java:46)
	at org.testng.internal.InvokeMethodRunnable.run(InvokeMethodRunnable.java:37)
	at org.testng.internal.MethodInvocationHelper.invokeWithTimeoutWithNoExecutor(MethodInvocationHelper.java:240)
	at org.testng.internal.MethodInvocationHelper.invokeWithTimeout(MethodInvocationHelper.java:229)
	at org.testng.internal.Invoker.invokeMethod(Invoker.java:724)
	at org.testng.internal.Invoker.invokeTestMethod(Invoker.java:901)
	at org.testng.internal.Invoker.invokeTestMethods(Invoker.java:1231)
	at org.testng.internal.TestMethodWorker.invokeTestMethods(TestMethodWorker.java:127)
	at org.testng.internal.TestMethodWorker.run(TestMethodWorker.java:111)
	at org.testng.TestRunner.privateRun(TestRunner.java:767)
	at org.testng.TestRunner.run(TestRunner.java:617)
	at org.testng.SuiteRunner.runTest(SuiteRunner.java:334)
	at org.testng.SuiteRunner.access$000(SuiteRunner.java:37)
	at org.testng.SuiteRunner$SuiteWorker.run(SuiteRunner.java:368)
	at org.testng.internal.thread.ThreadUtil$2.call(ThreadUtil.java:64)
	at java.util.concurrent.FutureTask.run(FutureTask.java:266)
	at java.util.concurrent.ThreadPoolExecutor.runWorker(ThreadPoolExecutor.java:1142)
	at java.util.concurrent.ThreadPoolExecutor$Worker.run(ThreadPoolExecutor.java:617)
	at java.lang.Thread.run(Thread.java:745)
]]>
            </full-stacktrace>
          </exception> <!-- java.lang.AssertionError -->
          <reporter-output>
            <line>
              <![CDATA[<a href="..\Screenshots\Screenshot-1338636220.png"> <img src="..\Screenshots\Screenshot-1338636220.png" height=48 width=48 ></a>]]>
            </line>
            <line>
              <![CDATA[<a href="..\Videos\tc_001_createAnEventWithPaidRegistration.avi" style="text-decoration: none; color: white;"><div class = cbutton>Download Video</div></a>]]>
            </line>
            <line>
              <![CDATA[<font color='Blue' face='verdana' size='2'><b></b></font>]]>
            </line>
          </reporter-output>
        </test-method> <!-- tc_001_createAnEventWithPaidRegistration -->
        <test-method status="PASS" signature="CloseBrowser()[pri:0, instance:com.testsuite.EventCreation@101cb8d]" name="CloseBrowser" is-config="true" duration-ms="1374" started-at="2015-09-16T18:29:21Z" finished-at="2015-09-16T18:29:22Z">
          <reporter-output>
          </reporter-output>
        </test-method> <!-- CloseBrowser -->
        <test-method status="PASS" signature="initializeBaseSetup(java.lang.String, java.lang.String, java.lang.String, java.lang.String, java.lang.String, org.testng.ITestContext)[pri:0, instance:com.testsuite.EventCreation@101cb8d]" name="initializeBaseSetup" is-config="true" duration-ms="2233" started-at="2015-09-16T18:29:22Z" finished-at="2015-09-16T18:29:24Z">
          <params>
            <param index="0">
              <value>
                <![CDATA[Chrome]]>
              </value>
            </param>
            <param index="1">
              <value>
                <![CDATA[35]]>
              </value>
            </param>
            <param index="2">
              <value>
                <![CDATA[windows]]>
              </value>
            </param>
            <param index="3">
              <value>
                <![CDATA[]]>
              </value>
            </param>
            <param index="4">
              <value>
                <![CDATA[Testing]]>
              </value>
            </param>
            <param index="5">
              <value>
                <![CDATA[org.testng.TestRunner@48d186]]>
              </value>
            </param>
          </params>
          <reporter-output>
          </reporter-output>
        </test-method> <!-- initializeBaseSetup -->
        <test-method status="PASS" signature="BaseClassSetUp()[pri:0, instance:com.testsuite.EventCreation@101cb8d]" name="BaseClassSetUp" is-config="true" duration-ms="4965" started-at="2015-09-16T18:29:24Z" finished-at="2015-09-16T18:29:29Z">
          <reporter-output>
          </reporter-output>
        </test-method> <!-- BaseClassSetUp -->
        <test-method status="PASS" signature="CloseBrowser()[pri:0, instance:com.testsuite.EventCreation@101cb8d]" name="CloseBrowser" is-config="true" duration-ms="1304" started-at="2015-09-16T18:29:33Z" finished-at="2015-09-16T18:29:34Z">
          <reporter-output>
          </reporter-output>
        </test-method> <!-- CloseBrowser -->
      </class> <!-- com.testsuite.EventCreation -->
    </test> <!-- RunCreateEventTests -->
    <test name="RunAPITests" duration-ms="207740" started-at="2015-09-16T12:59:34Z" finished-at="2015-09-16T13:03:02Z">
      <class name="com.testsuite.EventCreation">
        <test-method status="PASS" signature="beforeSuite()[pri:0, instance:com.testsuite.EventCreation@101cb8d]" name="beforeSuite" is-config="true" duration-ms="52" started-at="2015-09-16T18:25:46Z" finished-at="2015-09-16T18:25:46Z">
          <reporter-output>
          </reporter-output>
        </test-method> <!-- beforeSuite -->
        <test-method status="PASS" signature="AddLogFileToReport()[pri:0, instance:com.testsuite.EventCreation@101cb8d]" name="AddLogFileToReport" is-config="true" duration-ms="0" started-at="2015-09-16T18:33:02Z" finished-at="2015-09-16T18:33:02Z">
          <reporter-output>
            <line>
              <![CDATA[<br>]]>
            </line>
            <line>
              <![CDATA[<a class="cbutton" href="..\Log.log">Click to Open Log File</a>]]>
            </line>
          </reporter-output>
        </test-method> <!-- AddLogFileToReport -->
      </class> <!-- com.testsuite.EventCreation -->
      <class name="com.testsuite.api.FirstGivingDonationAPI">
        <test-method status="PASS" signature="initializeBasSetup()[pri:0, instance:com.testsuite.api.FirstGivingDonationAPI@1bf35e5]" name="initializeBasSetup" is-config="true" duration-ms="4" started-at="2015-09-16T18:29:34Z" finished-at="2015-09-16T18:29:34Z">
          <reporter-output>
          </reporter-output>
        </test-method> <!-- initializeBasSetup -->
        <test-method status="PASS" signature="SetUp()[pri:0, instance:com.testsuite.api.FirstGivingDonationAPI@1bf35e5]" name="SetUp" is-config="true" duration-ms="6" started-at="2015-09-16T18:29:34Z" finished-at="2015-09-16T18:29:34Z">
          <reporter-output>
          </reporter-output>
        </test-method> <!-- SetUp -->
        <test-method status="PASS" signature="initializeBasSetup()[pri:0, instance:com.testsuite.api.FirstGivingDonationAPI@1bf35e5]" name="initializeBasSetup" is-config="true" duration-ms="0" started-at="2015-09-16T18:32:36Z" finished-at="2015-09-16T18:32:36Z">
          <reporter-output>
          </reporter-output>
        </test-method> <!-- initializeBasSetup -->
        <test-method status="PASS" signature="SetUp()[pri:0, instance:com.testsuite.api.FirstGivingDonationAPI@1bf35e5]" name="SetUp" is-config="true" duration-ms="2" started-at="2015-09-16T18:32:36Z" finished-at="2015-09-16T18:32:36Z">
          <reporter-output>
          </reporter-output>
        </test-method> <!-- SetUp -->
        <test-method status="PASS" signature="tc_API_001_DonationAPI()[pri:0, instance:com.testsuite.api.FirstGivingDonationAPI@1bf35e5]" name="tc_API_001_DonationAPI" duration-ms="25349" started-at="2015-09-16T18:32:36Z" finished-at="2015-09-16T18:33:02Z">
          <reporter-output>
            <line>
              <![CDATA[<a href="..\Response.txt"> Response</a>]]>
            </line>
          </reporter-output>
        </test-method> <!-- tc_API_001_DonationAPI -->
      </class> <!-- com.testsuite.api.FirstGivingDonationAPI -->
    </test> <!-- RunAPITests -->
  </suite> <!-- FrontStream Pilot Suite -->
</testng-results>
