<?xml version="1.0" encoding="UTF-8" standalone="yes"?>
<ns2:test-suite xmlns:ns2="urn:model.allure.qatools.yandex.ru" start="1526849779417" stop="1526849786681" version="1.4.0">
    <name>FrontStream Pilot Suite</name>
    <test-cases>
        <test-case start="1526849779475" stop="1526849783611" status="failed">
            <name>tc_API_001_DonationAPI</name>
            <failure>
                <message>AssertionError: error while executing the requesthttps://qa-api.firstgiving.com/donation/creditcard?charityId=b62c2436-edd0-11df-ab8c-4061860da51d&amp;ccCardValidationNum=123&amp;billToFirstName=John&amp;billToAddressLine3=3MainSt.&amp;ccNumber=4111111111111111&amp;billToAddressLine2=2MainSt.&amp;billToAddressLine1=1MainSt.&amp;remoteAddr=1.1.1.1&amp;billToCity=Burlington&amp;ccExpDateMonth=01&amp;currencyCode=USD&amp;donationMessage=Testing_messag&amp;amount=5.00&amp;orderId=1234&amp;billToZip=01803&amp;personalIdentificationNumber=0&amp;billToState=MA&amp;billToCountry=US&amp;reportDonationToTaxAuthority=0&amp;billToMiddleName=D&amp;eventId=12345&amp;ccType=VI&amp;ccExpDateYear=23&amp;description=Test&amp;billToEmail=alex.winskie@frontstreampayments.com&amp;billToLastName=Smith
sun.security.validator.ValidatorException: PKIX path building failed: sun.security.provider.certpath.SunCertPathBuilderException: unable to find valid certification path to requested target</message>
                <stack-trace>java.lang.AssertionError: error while executing the requesthttps://qa-api.firstgiving.com/donation/creditcard?charityId=b62c2436-edd0-11df-ab8c-4061860da51d&amp;ccCardValidationNum=123&amp;billToFirstName=John&amp;billToAddressLine3=3MainSt.&amp;ccNumber=4111111111111111&amp;billToAddressLine2=2MainSt.&amp;billToAddressLine1=1MainSt.&amp;remoteAddr=1.1.1.1&amp;billToCity=Burlington&amp;ccExpDateMonth=01&amp;currencyCode=USD&amp;donationMessage=Testing_messag&amp;amount=5.00&amp;orderId=1234&amp;billToZip=01803&amp;personalIdentificationNumber=0&amp;billToState=MA&amp;billToCountry=US&amp;reportDonationToTaxAuthority=0&amp;billToMiddleName=D&amp;eventId=12345&amp;ccType=VI&amp;ccExpDateYear=23&amp;description=Test&amp;billToEmail=alex.winskie@frontstreampayments.com&amp;billToLastName=Smith
sun.security.validator.ValidatorException: PKIX path building failed: sun.security.provider.certpath.SunCertPathBuilderException: unable to find valid certification path to requested target
	at com.testng.Assert.fail(Assert.java:208)
	at com.httpclient.APIHelpers.execute(APIHelpers.java:267)
	at com.httpclient.APIHelpers.executePostRequest(APIHelpers.java:416)
	at com.testsuite.api.FirstGivingDonationAPI.tc_API_001_DonationAPI(FirstGivingDonationAPI.java:49)
	at sun.reflect.NativeMethodAccessorImpl.invoke0(Native Method)
	at sun.reflect.NativeMethodAccessorImpl.invoke(NativeMethodAccessorImpl.java:62)
	at sun.reflect.DelegatingMethodAccessorImpl.invoke(DelegatingMethodAccessorImpl.java:43)
	at java.lang.reflect.Method.invoke(Method.java:483)
	at org.testng.internal.MethodInvocationHelper.invokeMethod(MethodInvocationHelper.java:84)
	at org.testng.internal.InvokeMethodRunnable.runOne(InvokeMethodRunnable.java:46)
	at org.testng.internal.InvokeMethodRunnable.run(InvokeMethodRunnable.java:37)
	at org.testng.internal.MethodInvocationHelper.invokeWithTimeoutWithNoExecutor(MethodInvocationHelper.java:240)
	at org.testng.internal.MethodInvocationHelper.invokeWithTimeout(MethodInvocationHelper.java:229)
	at org.testng.internal.Invoker.invokeMethod(Invoker.java:724)
	at org.testng.internal.Invoker.invokeTestMethod(Invoker.java:901)
	at org.testng.internal.Invoker.invokeTestMethods(Invoker.java:1231)
	at org.testng.internal.TestMethodWorker.invokeTestMethods(TestMethodWorker.java:127)
	at org.testng.internal.TestMethodWorker.run(TestMethodWorker.java:111)
	at org.testng.TestRunner.privateRun(TestRunner.java:767)
	at org.testng.TestRunner.run(TestRunner.java:617)
	at org.testng.SuiteRunner.runTest(SuiteRunner.java:334)
	at org.testng.SuiteRunner.access$000(SuiteRunner.java:37)
	at org.testng.SuiteRunner$SuiteWorker.run(SuiteRunner.java:368)
	at org.testng.internal.thread.ThreadUtil$2.call(ThreadUtil.java:64)
	at java.util.concurrent.FutureTask.run(FutureTask.java:266)
	at java.util.concurrent.ThreadPoolExecutor.runWorker(ThreadPoolExecutor.java:1142)
	at java.util.concurrent.ThreadPoolExecutor$Worker.run(ThreadPoolExecutor.java:617)
	at java.lang.Thread.run(Thread.java:745)
</stack-trace>
            </failure>
            <steps/>
            <attachments/>
            <labels/>
        </test-case>
        <test-case start="1526849783634" stop="1526849786680" status="failed">
            <name>tc_API_001_DonationAPI</name>
            <failure>
                <message>AssertionError: error while executing the requesthttps://qa-api.firstgiving.com/donation/creditcard?charityId=b62c2436-edd0-11df-ab8c-4061860da51d&amp;ccCardValidationNum=123&amp;billToFirstName=John&amp;billToAddressLine3=3MainSt.&amp;ccNumber=4111111111111111&amp;billToAddressLine2=2MainSt.&amp;billToAddressLine1=1MainSt.&amp;remoteAddr=1.1.1.1&amp;billToCity=Burlington&amp;ccExpDateMonth=01&amp;currencyCode=USD&amp;donationMessage=Testing_messag&amp;amount=5.00&amp;orderId=1234&amp;billToZip=01803&amp;personalIdentificationNumber=0&amp;billToState=MA&amp;billToCountry=US&amp;reportDonationToTaxAuthority=0&amp;billToMiddleName=D&amp;eventId=12345&amp;ccType=VI&amp;ccExpDateYear=23&amp;description=Test&amp;billToEmail=alex.winskie@frontstreampayments.com&amp;billToLastName=Smith
sun.security.validator.ValidatorException: PKIX path building failed: sun.security.provider.certpath.SunCertPathBuilderException: unable to find valid certification path to requested target</message>
                <stack-trace>java.lang.AssertionError: error while executing the requesthttps://qa-api.firstgiving.com/donation/creditcard?charityId=b62c2436-edd0-11df-ab8c-4061860da51d&amp;ccCardValidationNum=123&amp;billToFirstName=John&amp;billToAddressLine3=3MainSt.&amp;ccNumber=4111111111111111&amp;billToAddressLine2=2MainSt.&amp;billToAddressLine1=1MainSt.&amp;remoteAddr=1.1.1.1&amp;billToCity=Burlington&amp;ccExpDateMonth=01&amp;currencyCode=USD&amp;donationMessage=Testing_messag&amp;amount=5.00&amp;orderId=1234&amp;billToZip=01803&amp;personalIdentificationNumber=0&amp;billToState=MA&amp;billToCountry=US&amp;reportDonationToTaxAuthority=0&amp;billToMiddleName=D&amp;eventId=12345&amp;ccType=VI&amp;ccExpDateYear=23&amp;description=Test&amp;billToEmail=alex.winskie@frontstreampayments.com&amp;billToLastName=Smith
sun.security.validator.ValidatorException: PKIX path building failed: sun.security.provider.certpath.SunCertPathBuilderException: unable to find valid certification path to requested target
	at com.testng.Assert.fail(Assert.java:208)
	at com.httpclient.APIHelpers.execute(APIHelpers.java:267)
	at com.httpclient.APIHelpers.executePostRequest(APIHelpers.java:416)
	at com.testsuite.api.FirstGivingDonationAPI.tc_API_001_DonationAPI(FirstGivingDonationAPI.java:49)
	at sun.reflect.NativeMethodAccessorImpl.invoke0(Native Method)
	at sun.reflect.NativeMethodAccessorImpl.invoke(NativeMethodAccessorImpl.java:62)
	at sun.reflect.DelegatingMethodAccessorImpl.invoke(DelegatingMethodAccessorImpl.java:43)
	at java.lang.reflect.Method.invoke(Method.java:483)
	at org.testng.internal.MethodInvocationHelper.invokeMethod(MethodInvocationHelper.java:84)
	at org.testng.internal.InvokeMethodRunnable.runOne(InvokeMethodRunnable.java:46)
	at org.testng.internal.InvokeMethodRunnable.run(InvokeMethodRunnable.java:37)
	at org.testng.internal.MethodInvocationHelper.invokeWithTimeoutWithNoExecutor(MethodInvocationHelper.java:240)
	at org.testng.internal.MethodInvocationHelper.invokeWithTimeout(MethodInvocationHelper.java:229)
	at org.testng.internal.Invoker.invokeMethod(Invoker.java:724)
	at org.testng.internal.Invoker.retryFailed(Invoker.java:1049)
	at org.testng.internal.Invoker.invokeTestMethods(Invoker.java:1254)
	at org.testng.internal.TestMethodWorker.invokeTestMethods(TestMethodWorker.java:127)
	at org.testng.internal.TestMethodWorker.run(TestMethodWorker.java:111)
	at org.testng.TestRunner.privateRun(TestRunner.java:767)
	at org.testng.TestRunner.run(TestRunner.java:617)
	at org.testng.SuiteRunner.runTest(SuiteRunner.java:334)
	at org.testng.SuiteRunner.access$000(SuiteRunner.java:37)
	at org.testng.SuiteRunner$SuiteWorker.run(SuiteRunner.java:368)
	at org.testng.internal.thread.ThreadUtil$2.call(ThreadUtil.java:64)
	at java.util.concurrent.FutureTask.run(FutureTask.java:266)
	at java.util.concurrent.ThreadPoolExecutor.runWorker(ThreadPoolExecutor.java:1142)
	at java.util.concurrent.ThreadPoolExecutor$Worker.run(ThreadPoolExecutor.java:617)
	at java.lang.Thread.run(Thread.java:745)
</stack-trace>
            </failure>
            <steps/>
            <attachments/>
            <labels/>
        </test-case>
    </test-cases>
    <labels>
        <label name="framework" value="TestNG"/>
        <label name="feature" value="RunAPITests"/>
        <label name="language" value="JAVA"/>
    </labels>
</ns2:test-suite>
