<?xml version="1.0" encoding="utf-8" ?>
<!DOCTYPE html PUBLIC "-//W3C//DTD XHTML 1.0 Strict//EN"
        "http://www.w3.org/TR/xhtml1/DTD/xhtml1-strict.dtd">
<html xmlns="http://www.w3.org/1999/xhtml" xml:lang="" lang="">
<head>
  <title>Sample Report - RunAPITests</title>
  <meta http-equiv="Content-Type" content="text/html;charset=utf-8" />
  <meta name="description" content="TestNG unit test results." />
  <link href="reportng.css" rel="stylesheet" type="text/css" />
     <script type="text/javascript" src="reportng.js"></script>
</head>
<body>
<h1>RunAPITests</h1>
<p>
  Test duration: 4.213s
</p>



  <table class="resultsTable">
    <tr><th colspan="3" class="header failed">Failed Tests</th></tr>
          <tr>
        <td colspan="3" class="group">com.testsuite.api.FirstGivingDonationAPI</td>
      </tr>
            
<tr>
  <td class="method">
                  tc_API_001_DonationAPI
      </td>
  <td class="duration">
    4.065s
  </td>
  <td class="result">
        
    
            <div class="testOutput">
                        <font color='Blue' face='verdana' size='2'><b></b></font>
                  </div>
    

        <a href="javascript:toggleElement('exception-0', 'block')" title="Click to expand/collapse"><b>java.lang.AssertionError: error while executing the requesthttps://qa-api.firstgiving.com/donation/creditcard?charityId=b62c2436-edd0-11df-ab8c-4061860da51d&amp;ccCardValidationNum=123&amp;billToFirstName=John&amp;billToAddressLine3=3MainSt.&amp;ccNumber=4111111111111111&amp;billToAddressLine2=2MainSt.&amp;billToAddressLine1=1MainSt.&amp;remoteAddr=1.1.1.1&amp;billToCity=Burlington&amp;ccExpDateMonth=01&amp;currencyCode=USD&amp;donationMessage=Testing_messag&amp;amount=5.00&amp;orderId=1234&amp;billToZip=01803&amp;personalIdentificationNumber=0&amp;billToState=MA&amp;billToCountry=US&amp;reportDonationToTaxAuthority=0&amp;billToMiddleName=D&amp;eventId=12345&amp;ccType=VI&amp;ccExpDateYear=23&amp;description=Test&amp;billToEmail=alex.winskie@frontstreampayments.com&amp;billToLastName=Smith<br/>
sun.security.validator.ValidatorException: PKIX path building failed: sun.security.provider.certpath.SunCertPathBuilderException: unable to find valid certification path to requested target</b></a><br />
    <div class="stackTrace" id="exception-0">
              com.testng.Assert.fail(Assert.java:208)<br />
              com.httpclient.APIHelpers.execute(APIHelpers.java:267)<br />
              com.httpclient.APIHelpers.executePostRequest(APIHelpers.java:416)<br />
              com.testsuite.api.FirstGivingDonationAPI.tc_API_001_DonationAPI(FirstGivingDonationAPI.java:49)<br />
              sun.reflect.NativeMethodAccessorImpl.invoke0(Native Method)<br />
              sun.reflect.NativeMethodAccessorImpl.invoke(NativeMethodAccessorImpl.java:62)<br />
              sun.reflect.DelegatingMethodAccessorImpl.invoke(DelegatingMethodAccessorImpl.java:43)<br />
              java.lang.reflect.Method.invoke(Method.java:483)<br />
              org.testng.internal.MethodInvocationHelper.invokeMethod(MethodInvocationHelper.java:84)<br />
              org.testng.internal.InvokeMethodRunnable.runOne(InvokeMethodRunnable.java:46)<br />
              org.testng.internal.InvokeMethodRunnable.run(InvokeMethodRunnable.java:37)<br />
              org.testng.internal.MethodInvocationHelper.invokeWithTimeoutWithNoExecutor(MethodInvocationHelper.java:240)<br />
              org.testng.internal.MethodInvocationHelper.invokeWithTimeout(MethodInvocationHelper.java:229)<br />
              org.testng.internal.Invoker.invokeMethod(Invoker.java:724)<br />
              org.testng.internal.Invoker.invokeTestMethod(Invoker.java:901)<br />
              org.testng.internal.Invoker.invokeTestMethods(Invoker.java:1231)<br />
              org.testng.internal.TestMethodWorker.invokeTestMethods(TestMethodWorker.java:127)<br />
              org.testng.internal.TestMethodWorker.run(TestMethodWorker.java:111)<br />
              org.testng.TestRunner.privateRun(TestRunner.java:767)<br />
              org.testng.TestRunner.run(TestRunner.java:617)<br />
              org.testng.SuiteRunner.runTest(SuiteRunner.java:334)<br />
              org.testng.SuiteRunner.access$000(SuiteRunner.java:37)<br />
              org.testng.SuiteRunner$SuiteWorker.run(SuiteRunner.java:368)<br />
              org.testng.internal.thread.ThreadUtil$2.call(ThreadUtil.java:64)<br />
              java.util.concurrent.FutureTask.run(FutureTask.java:266)<br />
              java.util.concurrent.ThreadPoolExecutor.runWorker(ThreadPoolExecutor.java:1142)<br />
              java.util.concurrent.ThreadPoolExecutor$Worker.run(ThreadPoolExecutor.java:617)<br />
              java.lang.Thread.run(Thread.java:745)<br />
                </div>
      </td>
</tr>
      </table>


  
</body>
</html>
